# JRE version: OpenJDK Runtime Environment (8.0_242-b01) (build 1.8.0_242-release-1644-b01)
# Java VM: OpenJDK 64-Bit Server VM (25.242-b01 mixed mode windows-amd64 compressed oops)
Heap:
 PSYoungGen      total 534528K, used 399599K [0x00000000d5580000, 0x00000000fe880000, 0x0000000100000000)
  eden space 400384K, 84% used [0x00000000d5580000,0x00000000ea107f78,0x00000000edc80000)
  from space 134144K, 44% used [0x00000000f6580000,0x00000000fa033d98,0x00000000fe880000)
  to   space 137216K, 0% used [0x00000000edc80000,0x00000000edc80000,0x00000000f6280000)
 ParOldGen       total 389632K, used 100259K [0x0000000080000000, 0x0000000097c80000, 0x00000000d5580000)
  object space 389632K, 25% used [0x0000000080000000,0x00000000861e8d48,0x0000000097c80000)
 Metaspace       used 236849K, capacity 249538K, committed 264600K, reserved 1282048K
  class space    used 28892K, capacity 31112K, committed 31656K, reserved 1048576K
GC Heap History (10 events):
Event: 4716.573 GC heap before
{Heap before GC invocations=75 (full 6):
 PSYoungGen      total 543232K, used 184523K [0x00000000d5580000, 0x0000000100000000, 0x0000000100000000)
  eden space 381440K, 34% used [0x00000000d5580000,0x00000000dd480a78,0x00000000eca00000)
  from space 161792K, 33% used [0x00000000f6200000,0x00000000f9732350,0x0000000100000000)
  to   space 155648K, 0% used [0x00000000eca00000,0x00000000eca00000,0x00000000f6200000)
 ParOldGen       total 389632K, used 276075K [0x0000000080000000, 0x0000000097c80000, 0x00000000d5580000)
  object space 389632K, 70% used [0x0000000080000000,0x0000000090d9af68,0x0000000097c80000)
 Metaspace       used 255586K, capacity 267756K, committed 268056K, reserved 1286144K
  class space    used 29291K, capacity 31487K, committed 31528K, reserved 1048576K
Event: 4717.179 GC heap after
Heap after GC invocations=75 (full 6):
 PSYoungGen      total 537088K, used 4096K [0x00000000d5580000, 0x0000000100000000, 0x0000000100000000)
  eden space 381440K, 0% used [0x00000000d5580000,0x00000000d5580000,0x00000000eca00000)
  from space 155648K, 2% used [0x00000000eca00000,0x00000000ece00010,0x00000000f6200000)
  to   space 158720K, 0% used [0x00000000f6500000,0x00000000f6500000,0x0000000100000000)
 ParOldGen       total 389632K, used 277393K [0x0000000080000000, 0x0000000097c80000, 0x00000000d5580000)
  object space 389632K, 71% used [0x0000000080000000,0x0000000090ee4428,0x0000000097c80000)
 Metaspace       used 255586K, capacity 267756K, committed 268056K, reserved 1286144K
  class space    used 29291K, capacity 31487K, committed 31528K, reserved 1048576K
}
Event: 4717.180 GC heap before
{Heap before GC invocations=76 (full 7):
 PSYoungGen      total 537088K, used 4096K [0x00000000d5580000, 0x0000000100000000, 0x0000000100000000)
  eden space 381440K, 0% used [0x00000000d5580000,0x00000000d5580000,0x00000000eca00000)
  from space 155648K, 2% used [0x00000000eca00000,0x00000000ece00010,0x00000000f6200000)
  to   space 158720K, 0% used [0x00000000f6500000,0x00000000f6500000,0x0000000100000000)
 ParOldGen       total 389632K, used 277393K [0x0000000080000000, 0x0000000097c80000, 0x00000000d5580000)
  object space 389632K, 71% used [0x0000000080000000,0x0000000090ee4428,0x0000000097c80000)
 Metaspace       used 255586K, capacity 267756K, committed 268056K, reserved 1286144K
  class space    used 29291K, capacity 31487K, committed 31528K, reserved 1048576K
Event: 4720.792 GC heap after
Heap after GC invocations=76 (full 7):
 PSYoungGen      total 537088K, used 0K [0x00000000d5580000, 0x0000000100000000, 0x0000000100000000)
  eden space 381440K, 0% used [0x00000000d5580000,0x00000000d5580000,0x00000000eca00000)
  from space 155648K, 0% used [0x00000000eca00000,0x00000000eca00000,0x00000000f6200000)
  to   space 158720K, 0% used [0x00000000f6500000,0x00000000f6500000,0x0000000100000000)
 ParOldGen       total 389632K, used 81945K [0x0000000080000000, 0x0000000097c80000, 0x00000000d5580000)
  object space 389632K, 21% used [0x0000000080000000,0x0000000085006488,0x0000000097c80000)
 Metaspace       used 198761K, capacity 207864K, committed 263960K, reserved 1282048K
  class space    used 23966K, capacity 25546K, committed 31528K, reserved 1048576K
}
Event: 8094.104 GC heap before
{Heap before GC invocations=77 (full 7):
 PSYoungGen      total 537088K, used 381440K [0x00000000d5580000, 0x0000000100000000, 0x0000000100000000)
  eden space 381440K, 100% used [0x00000000d5580000,0x00000000eca00000,0x00000000eca00000)
  from space 155648K, 0% used [0x00000000eca00000,0x00000000eca00000,0x00000000f6200000)
  to   space 158720K, 0% used [0x00000000f6500000,0x00000000f6500000,0x0000000100000000)
 ParOldGen       total 389632K, used 81945K [0x0000000080000000, 0x0000000097c80000, 0x00000000d5580000)
  object space 389632K, 21% used [0x0000000080000000,0x0000000085006488,0x0000000097c80000)
 Metaspace       used 216648K, capacity 227172K, committed 263960K, reserved 1282048K
  class space    used 26276K, capacity 28111K, committed 31528K, reserved 1048576K
Event: 8094.642 GC heap after
Heap after GC invocations=77 (full 7):
 PSYoungGen      total 535040K, used 41163K [0x00000000d5580000, 0x00000000ff800000, 0x0000000100000000)
  eden space 384512K, 0% used [0x00000000d5580000,0x00000000d5580000,0x00000000ecd00000)
  from space 150528K, 27% used [0x00000000f6500000,0x00000000f8d32fe8,0x00000000ff800000)
  to   space 153088K, 0% used [0x00000000ecd00000,0x00000000ecd00000,0x00000000f6280000)
 ParOldGen       total 389632K, used 81953K [0x0000000080000000, 0x0000000097c80000, 0x00000000d5580000)
  object space 389632K, 21% used [0x0000000080000000,0x0000000085008488,0x0000000097c80000)
 Metaspace       used 216648K, capacity 227172K, committed 263960K, reserved 1282048K
  class space    used 26276K, capacity 28111K, committed 31528K, reserved 1048576K
}
Event: 8098.653 GC heap before
{Heap before GC invocations=78 (full 7):
 PSYoungGen      total 535040K, used 425675K [0x00000000d5580000, 0x00000000ff800000, 0x0000000100000000)
  eden space 384512K, 100% used [0x00000000d5580000,0x00000000ecd00000,0x00000000ecd00000)
  from space 150528K, 27% used [0x00000000f6500000,0x00000000f8d32fe8,0x00000000ff800000)
  to   space 153088K, 0% used [0x00000000ecd00000,0x00000000ecd00000,0x00000000f6280000)
 ParOldGen       total 389632K, used 81953K [0x0000000080000000, 0x0000000097c80000, 0x00000000d5580000)
  object space 389632K, 21% used [0x0000000080000000,0x0000000085008488,0x0000000097c80000)
 Metaspace       used 227042K, capacity 238270K, committed 263960K, reserved 1282048K
  class space    used 27759K, capacity 29721K, committed 31528K, reserved 1048576K
Event: 8098.865 GC heap after
Heap after GC invocations=78 (full 7):
 PSYoungGen      total 537600K, used 52474K [0x00000000d5580000, 0x00000000ff380000, 0x0000000100000000)
  eden space 384512K, 0% used [0x00000000d5580000,0x00000000d5580000,0x00000000ecd00000)
  from space 153088K, 34% used [0x00000000ecd00000,0x00000000f003e8d8,0x00000000f6280000)
  to   space 145408K, 0% used [0x00000000f6580000,0x00000000f6580000,0x00000000ff380000)
 ParOldGen       total 389632K, used 81961K [0x0000000080000000, 0x0000000097c80000, 0x00000000d5580000)
  object space 389632K, 21% used [0x0000000080000000,0x000000008500a488,0x0000000097c80000)
 Metaspace       used 227042K, capacity 238270K, committed 263960K, reserved 1282048K
  class space    used 27759K, capacity 29721K, committed 31528K, reserved 1048576K
}
Event: 8101.337 GC heap before
{Heap before GC invocations=79 (full 7):
 PSYoungGen      total 537600K, used 436986K [0x00000000d5580000, 0x00000000ff380000, 0x0000000100000000)
  eden space 384512K, 100% used [0x00000000d5580000,0x00000000ecd00000,0x00000000ecd00000)
  from space 153088K, 34% used [0x00000000ecd00000,0x00000000f003e8d8,0x00000000f6280000)
  to   space 145408K, 0% used [0x00000000f6580000,0x00000000f6580000,0x00000000ff380000)
 ParOldGen       total 389632K, used 81961K [0x0000000080000000, 0x0000000097c80000, 0x00000000d5580000)
  object space 389632K, 21% used [0x0000000080000000,0x000000008500a488,0x0000000097c80000)
 Metaspace       used 230379K, capacity 242292K, committed 264088K, reserved 1282048K
  class space    used 28197K, capacity 30268K, committed 31656K, reserved 1048576K
Event: 8101.507 GC heap after
Heap after GC invocations=79 (full 7):
 PSYoungGen      total 534528K, used 60111K [0x00000000d5580000, 0x00000000fe880000, 0x0000000100000000)
  eden space 400384K, 0% used [0x00000000d5580000,0x00000000d5580000,0x00000000edc80000)
  from space 134144K, 44% used [0x00000000f6580000,0x00000000fa033d98,0x00000000fe880000)
  to   space 137216K, 0% used [0x00000000edc80000,0x00000000edc80000,0x00000000f6280000)
 ParOldGen       total 389632K, used 100259K [0x0000000080000000, 0x0000000097c80000, 0x00000000d5580000)
  object space 389632K, 25% used [0x0000000080000000,0x00000000861e8d48,0x0000000097c80000)
 Metaspace       used 230379K, capacity 242292K, committed 264088K, reserved 1282048K
  class space    used 28197K, capacity 30268K, committed 31656K, reserved 1048576K
}

