# JRE version: OpenJDK Runtime Environment (8.0_242-b01) (build 1.8.0_242-release-1644-b01)
# Java VM: OpenJDK 64-Bit Server VM (25.242-b01 mixed mode windows-amd64 compressed oops)
Heap:
 PSYoungGen      total 527872K, used 183609K [0x00000000d5580000, 0x0000000100000000, 0x0000000100000000)
  eden space 435712K, 21% used [0x00000000d5580000,0x00000000daf3cb30,0x00000000eff00000)
  from space 92160K, 99% used [0x00000000eff00000,0x00000000f5891c08,0x00000000f5900000)
  to   space 138752K, 0% used [0x00000000f7880000,0x00000000f7880000,0x0000000100000000)
 ParOldGen       total 519168K, used 357250K [0x0000000080000000, 0x000000009fb00000, 0x00000000d5580000)
  object space 519168K, 68% used [0x0000000080000000,0x0000000095ce0ae8,0x000000009fb00000)
 Metaspace       used 340604K, capacity 359093K, committed 359408K, reserved 1363968K
  class space    used 42371K, capacity 45692K, committed 45808K, reserved 1048576K
GC Heap History (10 events):
Event: 4655.835 GC heap before
{Heap before GC invocations=121 (full 10):
 PSYoungGen      total 556544K, used 12014K [0x00000000d5580000, 0x0000000100000000, 0x0000000100000000)
  eden space 430080K, 0% used [0x00000000d5580000,0x00000000d5580000,0x00000000ef980000)
  from space 126464K, 9% used [0x00000000ef980000,0x00000000f053bad0,0x00000000f7500000)
  to   space 126464K, 0% used [0x00000000f8480000,0x00000000f8480000,0x0000000100000000)
 ParOldGen       total 566784K, used 501172K [0x0000000080000000, 0x00000000a2980000, 0x00000000d5580000)
  object space 566784K, 88% used [0x0000000080000000,0x000000009e96d3b8,0x00000000a2980000)
 Metaspace       used 333232K, capacity 351603K, committed 351984K, reserved 1355776K
  class space    used 41566K, capacity 44857K, committed 45040K, reserved 1048576K
Event: 4656.921 GC heap after
Heap after GC invocations=121 (full 10):
 PSYoungGen      total 556544K, used 0K [0x00000000d5580000, 0x0000000100000000, 0x0000000100000000)
  eden space 430080K, 0% used [0x00000000d5580000,0x00000000d5580000,0x00000000ef980000)
  from space 126464K, 0% used [0x00000000ef980000,0x00000000ef980000,0x00000000f7500000)
  to   space 126464K, 0% used [0x00000000f8480000,0x00000000f8480000,0x0000000100000000)
 ParOldGen       total 519168K, used 222017K [0x0000000080000000, 0x000000009fb00000, 0x00000000d5580000)
  object space 519168K, 42% used [0x0000000080000000,0x000000008d8d0440,0x000000009fb00000)
 Metaspace       used 333232K, capacity 351603K, committed 351984K, reserved 1355776K
  class space    used 41566K, capacity 44857K, committed 45040K, reserved 1048576K
}
Event: 4658.293 GC heap before
{Heap before GC invocations=122 (full 10):
 PSYoungGen      total 556544K, used 430080K [0x00000000d5580000, 0x0000000100000000, 0x0000000100000000)
  eden space 430080K, 100% used [0x00000000d5580000,0x00000000ef980000,0x00000000ef980000)
  from space 126464K, 0% used [0x00000000ef980000,0x00000000ef980000,0x00000000f7500000)
  to   space 126464K, 0% used [0x00000000f8480000,0x00000000f8480000,0x0000000100000000)
 ParOldGen       total 519168K, used 222017K [0x0000000080000000, 0x000000009fb00000, 0x00000000d5580000)
  object space 519168K, 42% used [0x0000000080000000,0x000000008d8d0440,0x000000009fb00000)
 Metaspace       used 333327K, capacity 351675K, committed 351984K, reserved 1355776K
  class space    used 41566K, capacity 44857K, committed 45040K, reserved 1048576K
Event: 4658.336 GC heap after
Heap after GC invocations=122 (full 10):
 PSYoungGen      total 568320K, used 76144K [0x00000000d5580000, 0x0000000100000000, 0x0000000100000000)
  eden space 441856K, 0% used [0x00000000d5580000,0x00000000d5580000,0x00000000f0500000)
  from space 126464K, 60% used [0x00000000f8480000,0x00000000fcedc040,0x0000000100000000)
  to   space 128512K, 0% used [0x00000000f0500000,0x00000000f0500000,0x00000000f8280000)
 ParOldGen       total 519168K, used 222017K [0x0000000080000000, 0x000000009fb00000, 0x00000000d5580000)
  object space 519168K, 42% used [0x0000000080000000,0x000000008d8d0440,0x000000009fb00000)
 Metaspace       used 333327K, capacity 351675K, committed 351984K, reserved 1355776K
  class space    used 41566K, capacity 44857K, committed 45040K, reserved 1048576K
}
Event: 4662.964 GC heap before
{Heap before GC invocations=123 (full 10):
 PSYoungGen      total 568320K, used 518000K [0x00000000d5580000, 0x0000000100000000, 0x0000000100000000)
  eden space 441856K, 100% used [0x00000000d5580000,0x00000000f0500000,0x00000000f0500000)
  from space 126464K, 60% used [0x00000000f8480000,0x00000000fcedc040,0x0000000100000000)
  to   space 128512K, 0% used [0x00000000f0500000,0x00000000f0500000,0x00000000f8280000)
 ParOldGen       total 519168K, used 222017K [0x0000000080000000, 0x000000009fb00000, 0x00000000d5580000)
  object space 519168K, 42% used [0x0000000080000000,0x000000008d8d0440,0x000000009fb00000)
 Metaspace       used 333354K, capacity 351687K, committed 351984K, reserved 1355776K
  class space    used 41567K, capacity 44859K, committed 45040K, reserved 1048576K
Event: 4663.127 GC heap after
Heap after GC invocations=123 (full 10):
 PSYoungGen      total 446976K, used 4736K [0x00000000d5580000, 0x0000000100000000, 0x0000000100000000)
  eden space 441856K, 0% used [0x00000000d5580000,0x00000000d5580000,0x00000000f0500000)
  from space 5120K, 92% used [0x00000000f0500000,0x00000000f09a0198,0x00000000f0a00000)
  to   space 129024K, 0% used [0x00000000f8200000,0x00000000f8200000,0x0000000100000000)
 ParOldGen       total 519168K, used 287775K [0x0000000080000000, 0x000000009fb00000, 0x00000000d5580000)
  object space 519168K, 55% used [0x0000000080000000,0x0000000091907fa0,0x000000009fb00000)
 Metaspace       used 333354K, capacity 351687K, committed 351984K, reserved 1355776K
  class space    used 41567K, capacity 44859K, committed 45040K, reserved 1048576K
}
Event: 4689.462 GC heap before
{Heap before GC invocations=124 (full 10):
 PSYoungGen      total 446976K, used 446592K [0x00000000d5580000, 0x0000000100000000, 0x0000000100000000)
  eden space 441856K, 100% used [0x00000000d5580000,0x00000000f0500000,0x00000000f0500000)
  from space 5120K, 92% used [0x00000000f0500000,0x00000000f09a0198,0x00000000f0a00000)
  to   space 129024K, 0% used [0x00000000f8200000,0x00000000f8200000,0x0000000100000000)
 ParOldGen       total 519168K, used 287775K [0x0000000080000000, 0x000000009fb00000, 0x00000000d5580000)
  object space 519168K, 55% used [0x0000000080000000,0x0000000091907fa0,0x000000009fb00000)
 Metaspace       used 333484K, capacity 351835K, committed 352240K, reserved 1355776K
  class space    used 41567K, capacity 44859K, committed 45040K, reserved 1048576K
Event: 4689.517 GC heap after
Heap after GC invocations=124 (full 10):
 PSYoungGen      total 564736K, used 76494K [0x00000000d5580000, 0x0000000100000000, 0x0000000100000000)
  eden space 435712K, 0% used [0x00000000d5580000,0x00000000d5580000,0x00000000eff00000)
  from space 129024K, 59% used [0x00000000f8200000,0x00000000fccb3ae0,0x0000000100000000)
  to   space 131584K, 0% used [0x00000000eff00000,0x00000000eff00000,0x00000000f7f80000)
 ParOldGen       total 519168K, used 290788K [0x0000000080000000, 0x000000009fb00000, 0x00000000d5580000)
  object space 519168K, 56% used [0x0000000080000000,0x0000000091bf9158,0x000000009fb00000)
 Metaspace       used 333484K, capacity 351835K, committed 352240K, reserved 1355776K
  class space    used 41567K, capacity 44859K, committed 45040K, reserved 1048576K
}
Event: 4692.212 GC heap before
{Heap before GC invocations=125 (full 10):
 PSYoungGen      total 564736K, used 512206K [0x00000000d5580000, 0x0000000100000000, 0x0000000100000000)
  eden space 435712K, 100% used [0x00000000d5580000,0x00000000eff00000,0x00000000eff00000)
  from space 129024K, 59% used [0x00000000f8200000,0x00000000fccb3ae0,0x0000000100000000)
  to   space 131584K, 0% used [0x00000000eff00000,0x00000000eff00000,0x00000000f7f80000)
 ParOldGen       total 519168K, used 290788K [0x0000000080000000, 0x000000009fb00000, 0x00000000d5580000)
  object space 519168K, 56% used [0x0000000080000000,0x0000000091bf9158,0x000000009fb00000)
 Metaspace       used 340580K, capacity 359093K, committed 359408K, reserved 1363968K
  class space    used 42371K, capacity 45692K, committed 45808K, reserved 1048576K
Event: 4692.868 GC heap after
Heap after GC invocations=125 (full 10):
 PSYoungGen      total 527872K, used 91719K [0x00000000d5580000, 0x0000000100000000, 0x0000000100000000)
  eden space 435712K, 0% used [0x00000000d5580000,0x00000000d5580000,0x00000000eff00000)
  from space 92160K, 99% used [0x00000000eff00000,0x00000000f5891c08,0x00000000f5900000)
  to   space 138752K, 0% used [0x00000000f7880000,0x00000000f7880000,0x0000000100000000)
 ParOldGen       total 519168K, used 357250K [0x0000000080000000, 0x000000009fb00000, 0x00000000d5580000)
  object space 519168K, 68% used [0x0000000080000000,0x0000000095ce0ae8,0x000000009fb00000)
 Metaspace       used 340580K, capacity 359093K, committed 359408K, reserved 1363968K
  class space    used 42371K, capacity 45692K, committed 45808K, reserved 1048576K
}

