# JRE version: OpenJDK Runtime Environment (8.0_242-b01) (build 1.8.0_242-release-1644-b01)
# Java VM: OpenJDK 64-Bit Server VM (25.242-b01 mixed mode windows-amd64 compressed oops)
Heap:
 PSYoungGen      total 159744K, used 58165K [0x00000000d5f80000, 0x00000000e4180000, 0x0000000100000000)
  eden space 144384K, 29% used [0x00000000d5f80000,0x00000000d8950fd0,0x00000000dec80000)
  from space 15360K, 99% used [0x00000000e0380000,0x00000000e127c650,0x00000000e1280000)
  to   space 23552K, 0% used [0x00000000dec80000,0x00000000dec80000,0x00000000e0380000)
 ParOldGen       total 108544K, used 30839K [0x0000000081e00000, 0x0000000088800000, 0x00000000d5f80000)
  object space 108544K, 28% used [0x0000000081e00000,0x0000000083c1dd50,0x0000000088800000)
 Metaspace       used 51522K, capacity 52632K, committed 52912K, reserved 1095680K
  class space    used 6504K, capacity 6770K, committed 6832K, reserved 1048576K
GC Heap History (10 events):
Event: 1.147 GC heap before
{Heap before GC invocations=4 (full 1):
 PSYoungGen      total 71680K, used 5103K [0x00000000d5f80000, 0x00000000deb80000, 0x0000000100000000)
  eden space 66560K, 0% used [0x00000000d5f80000,0x00000000d5f80000,0x00000000da080000)
  from space 5120K, 99% used [0x00000000da080000,0x00000000da57bfd8,0x00000000da580000)
  to   space 5120K, 0% used [0x00000000de680000,0x00000000de680000,0x00000000deb80000)
 ParOldGen       total 87552K, used 12146K [0x0000000081e00000, 0x0000000087380000, 0x00000000d5f80000)
  object space 87552K, 13% used [0x0000000081e00000,0x00000000829dc970,0x0000000087380000)
 Metaspace       used 20799K, capacity 21236K, committed 21296K, reserved 1069056K
  class space    used 2449K, capacity 2590K, committed 2608K, reserved 1048576K
Event: 1.171 GC heap after
Heap after GC invocations=4 (full 1):
 PSYoungGen      total 71680K, used 0K [0x00000000d5f80000, 0x00000000deb80000, 0x0000000100000000)
  eden space 66560K, 0% used [0x00000000d5f80000,0x00000000d5f80000,0x00000000da080000)
  from space 5120K, 0% used [0x00000000da080000,0x00000000da080000,0x00000000da580000)
  to   space 5120K, 0% used [0x00000000de680000,0x00000000de680000,0x00000000deb80000)
 ParOldGen       total 64512K, used 9309K [0x0000000081e00000, 0x0000000085d00000, 0x00000000d5f80000)
  object space 64512K, 14% used [0x0000000081e00000,0x0000000082717488,0x0000000085d00000)
 Metaspace       used 20799K, capacity 21236K, committed 21296K, reserved 1069056K
  class space    used 2449K, capacity 2590K, committed 2608K, reserved 1048576K
}
Event: 2.007 GC heap before
{Heap before GC invocations=5 (full 1):
 PSYoungGen      total 71680K, used 66560K [0x00000000d5f80000, 0x00000000deb80000, 0x0000000100000000)
  eden space 66560K, 100% used [0x00000000d5f80000,0x00000000da080000,0x00000000da080000)
  from space 5120K, 0% used [0x00000000da080000,0x00000000da080000,0x00000000da580000)
  to   space 5120K, 0% used [0x00000000de680000,0x00000000de680000,0x00000000deb80000)
 ParOldGen       total 64512K, used 9309K [0x0000000081e00000, 0x0000000085d00000, 0x00000000d5f80000)
  object space 64512K, 14% used [0x0000000081e00000,0x0000000082717488,0x0000000085d00000)
 Metaspace       used 29723K, capacity 30227K, committed 30384K, reserved 1075200K
  class space    used 3589K, capacity 3736K, committed 3760K, reserved 1048576K
Event: 2.021 GC heap after
Heap after GC invocations=5 (full 1):
 PSYoungGen      total 105472K, used 5107K [0x00000000d5f80000, 0x00000000deb80000, 0x0000000100000000)
  eden space 100352K, 0% used [0x00000000d5f80000,0x00000000d5f80000,0x00000000dc180000)
  from space 5120K, 99% used [0x00000000de680000,0x00000000deb7cfc0,0x00000000deb80000)
  to   space 5120K, 0% used [0x00000000de180000,0x00000000de180000,0x00000000de680000)
 ParOldGen       total 64512K, used 20283K [0x0000000081e00000, 0x0000000085d00000, 0x00000000d5f80000)
  object space 64512K, 31% used [0x0000000081e00000,0x00000000831cec90,0x0000000085d00000)
 Metaspace       used 29723K, capacity 30227K, committed 30384K, reserved 1075200K
  class space    used 3589K, capacity 3736K, committed 3760K, reserved 1048576K
}
Event: 2.347 GC heap before
{Heap before GC invocations=6 (full 1):
 PSYoungGen      total 105472K, used 31150K [0x00000000d5f80000, 0x00000000deb80000, 0x0000000100000000)
  eden space 100352K, 25% used [0x00000000d5f80000,0x00000000d78ee9a8,0x00000000dc180000)
  from space 5120K, 99% used [0x00000000de680000,0x00000000deb7cfc0,0x00000000deb80000)
  to   space 5120K, 0% used [0x00000000de180000,0x00000000de180000,0x00000000de680000)
 ParOldGen       total 64512K, used 20283K [0x0000000081e00000, 0x0000000085d00000, 0x00000000d5f80000)
  object space 64512K, 31% used [0x0000000081e00000,0x00000000831cec90,0x0000000085d00000)
 Metaspace       used 34626K, capacity 35146K, committed 35496K, reserved 1081344K
  class space    used 4422K, capacity 4581K, committed 4656K, reserved 1048576K
Event: 2.355 GC heap after
Heap after GC invocations=6 (full 1):
 PSYoungGen      total 138240K, used 5099K [0x00000000d5f80000, 0x00000000e1280000, 0x0000000100000000)
  eden space 133120K, 0% used [0x00000000d5f80000,0x00000000d5f80000,0x00000000de180000)
  from space 5120K, 99% used [0x00000000de180000,0x00000000de67add8,0x00000000de680000)
  to   space 15360K, 0% used [0x00000000e0380000,0x00000000e0380000,0x00000000e1280000)
 ParOldGen       total 64512K, used 26514K [0x0000000081e00000, 0x0000000085d00000, 0x00000000d5f80000)
  object space 64512K, 41% used [0x0000000081e00000,0x00000000837e48a8,0x0000000085d00000)
 Metaspace       used 34626K, capacity 35146K, committed 35496K, reserved 1081344K
  class space    used 4422K, capacity 4581K, committed 4656K, reserved 1048576K
}
Event: 2.355 GC heap before
{Heap before GC invocations=7 (full 2):
 PSYoungGen      total 138240K, used 5099K [0x00000000d5f80000, 0x00000000e1280000, 0x0000000100000000)
  eden space 133120K, 0% used [0x00000000d5f80000,0x00000000d5f80000,0x00000000de180000)
  from space 5120K, 99% used [0x00000000de180000,0x00000000de67add8,0x00000000de680000)
  to   space 15360K, 0% used [0x00000000e0380000,0x00000000e0380000,0x00000000e1280000)
 ParOldGen       total 64512K, used 26514K [0x0000000081e00000, 0x0000000085d00000, 0x00000000d5f80000)
  object space 64512K, 41% used [0x0000000081e00000,0x00000000837e48a8,0x0000000085d00000)
 Metaspace       used 34626K, capacity 35146K, committed 35496K, reserved 1081344K
  class space    used 4422K, capacity 4581K, committed 4656K, reserved 1048576K
Event: 2.405 GC heap after
Heap after GC invocations=7 (full 2):
 PSYoungGen      total 138240K, used 0K [0x00000000d5f80000, 0x00000000e1280000, 0x0000000100000000)
  eden space 133120K, 0% used [0x00000000d5f80000,0x00000000d5f80000,0x00000000de180000)
  from space 5120K, 0% used [0x00000000de180000,0x00000000de180000,0x00000000de680000)
  to   space 15360K, 0% used [0x00000000e0380000,0x00000000e0380000,0x00000000e1280000)
 ParOldGen       total 108544K, used 19385K [0x0000000081e00000, 0x0000000088800000, 0x00000000d5f80000)
  object space 108544K, 17% used [0x0000000081e00000,0x00000000830ee4b8,0x0000000088800000)
 Metaspace       used 34626K, capacity 35146K, committed 35496K, reserved 1081344K
  class space    used 4422K, capacity 4581K, committed 4656K, reserved 1048576K
}
Event: 4.042 GC heap before
{Heap before GC invocations=8 (full 2):
 PSYoungGen      total 138240K, used 133120K [0x00000000d5f80000, 0x00000000e1280000, 0x0000000100000000)
  eden space 133120K, 100% used [0x00000000d5f80000,0x00000000de180000,0x00000000de180000)
  from space 5120K, 0% used [0x00000000de180000,0x00000000de180000,0x00000000de680000)
  to   space 15360K, 0% used [0x00000000e0380000,0x00000000e0380000,0x00000000e1280000)
 ParOldGen       total 108544K, used 19385K [0x0000000081e00000, 0x0000000088800000, 0x00000000d5f80000)
  object space 108544K, 17% used [0x0000000081e00000,0x00000000830ee4b8,0x0000000088800000)
 Metaspace       used 44462K, capacity 45256K, committed 45616K, reserved 1089536K
  class space    used 5443K, capacity 5624K, committed 5680K, reserved 1048576K
Event: 4.060 GC heap after
Heap after GC invocations=8 (full 2):
 PSYoungGen      total 159744K, used 15345K [0x00000000d5f80000, 0x00000000e4180000, 0x0000000100000000)
  eden space 144384K, 0% used [0x00000000d5f80000,0x00000000d5f80000,0x00000000dec80000)
  from space 15360K, 99% used [0x00000000e0380000,0x00000000e127c650,0x00000000e1280000)
  to   space 23552K, 0% used [0x00000000dec80000,0x00000000dec80000,0x00000000e0380000)
 ParOldGen       total 108544K, used 30839K [0x0000000081e00000, 0x0000000088800000, 0x00000000d5f80000)
  object space 108544K, 28% used [0x0000000081e00000,0x0000000083c1dd50,0x0000000088800000)
 Metaspace       used 44462K, capacity 45256K, committed 45616K, reserved 1089536K
  class space    used 5443K, capacity 5624K, committed 5680K, reserved 1048576K
}

